   ▲ Next.js 15.5.15 (Turbopack)
   - Local:        http://localhost:3024
   - Network:      http://100.112.71.27:3024
   - Experiments (use with caution):
     · optimizePackageImports

 ✓ Starting...

-----
[1m[31mFATAL[39m[0m: An unexpected Turbopack error occurred. A panic log has been written to C:\Users\mirko\AppData\Local\Temp\next-panic-9bbba4cb40c12b2359f85353a25f06af.log.

To help make Turbopack better, report this error by ]8;;https://github.com/vercel/next.js/discussions/new?category=turbopack-error-report&title=Turbopack%20Error%3A%20Symlink%20node_modules%20is%20invalid%2C%20it%20points%20out%20of%20the%20filesystem%20root&body=Turbopack%20version%3A%20%60fffef9ef%60%0ANext.js%20version%3A%20%600.0.0%60%0A%0AError%20message%3A%0A%60%60%60%0ASymlink%20node_modules%20is%20invalid%2C%20it%20points%20out%20of%20the%20filesystem%20root%0A%0ADebug%20info%3A%0A-%20Execution%20of%20get_entrypoints_with_issues_operation%20failed%0A-%20Execution%20of%20EntrypointsOperation%3A%3Anew%20failed%0A-%20Execution%20of%20Project%3A%3Aentrypoints%20failed%0A-%20Execution%20of%20AppProject%3A%3Aroutes%20failed%0A-%20Execution%20of%20directory_tree_to_entrypoints_internal%20failed%0A-%20Execution%20of%20directory_tree_to_loader_tree%20failed%0A-%20Execution%20of%20get_next_package%20failed%0A-%20Execution%20of%20%2AResolveResult%3A%3Afirst_source%20failed%0A-%20Execution%20of%20resolve%20failed%0A-%20Execution%20of%20resolve_internal%20failed%0A-%20Execution%20of%20find_package%20failed%0A-%20Symlink%20node_modules%20is%20invalid%2C%20it%20points%20out%20of%20the%20filesystem%20root%0A%60%60%60&labels=Turbopack,Turbopack%20Panic%20Backtrace\clicking here.]8;;\
-----

[Error [TurbopackInternalError]: Symlink node_modules is invalid, it points out of the filesystem root

Debug info:
- Execution of get_entrypoints_with_issues_operation failed
- Execution of EntrypointsOperation::new failed
- Execution of Project::entrypoints failed
- Execution of AppProject::routes failed
- Execution of directory_tree_to_entrypoints_internal failed
- Execution of directory_tree_to_loader_tree failed
- Execution of get_next_package failed
- Execution of *ResolveResult::first_source failed
- Execution of resolve failed
- Execution of resolve_internal failed
- Execution of find_package failed
- Symlink node_modules is invalid, it points out of the filesystem root] {
  location: undefined
}
[?25h
